2025-03-28 17:13:44.209503 - Received CBT.V508.FILE096.PDS from FILE096.XMI 
2025-03-28 17:13:44.211649 - Found $$$$DOC.txt (text/plain) in CBT.V508.FILE096.PDS, moved to PDS/$$$$DOC
2025-03-28 17:13:44.213351 - Found $$$#DATE.txt (text/plain) in CBT.V508.FILE096.PDS, moved to PDS/$$$#DATE
2025-03-28 17:13:44.214663 - Found $$$INDEX.txt (text/plain) in CBT.V508.FILE096.PDS, moved to PDS/$$$INDEX
2025-03-28 17:13:44.215684 - Found $$COPYRT.txt (text/plain) in CBT.V508.FILE096.PDS, moved to PDS/$$COPYRT
2025-03-28 17:13:44.216392 - Found @DADSM.txt (text/plain) in CBT.V508.FILE096.PDS, moved to PDS/@DADSM
2025-03-28 17:13:44.217194 - Found @DADSMMD.txt (text/plain) in CBT.V508.FILE096.PDS, moved to PDS/@DADSMMD
2025-03-28 17:13:44.218189 - Found @FILE096.txt (text/plain) in CBT.V508.FILE096.PDS, moved to PDS/@FILE096
2025-03-28 17:13:44.218993 - Found @HCCRCCK.jcl (text/plain) in CBT.V508.FILE096.PDS, moved to PDS/@HCCRCCK
2025-03-28 17:13:44.220176 - Found @IEFUJV.txt (text/plain) in CBT.V508.FILE096.PDS, moved to PDS/@IEFUJV
2025-03-28 17:13:44.221665 - Found @INIDASD.txt (text/plain) in CBT.V508.FILE096.PDS, moved to PDS/@INIDASD
2025-03-28 17:13:44.222950 - Found @INITSYS.txt (text/plain) in CBT.V508.FILE096.PDS, moved to PDS/@INITSYS
2025-03-28 17:13:44.223828 - Found @JESCKPT.txt (text/plain) in CBT.V508.FILE096.PDS, moved to PDS/@JESCKPT
2025-03-28 17:13:44.224747 - Found @JESPARM.txt (text/plain) in CBT.V508.FILE096.PDS, moved to PDS/@JESPARM
2025-03-28 17:13:44.225606 - Found @JESSMF.jcl (text/plain) in CBT.V508.FILE096.PDS, moved to PDS/@JESSMF
2025-03-28 17:13:44.226398 - Found @NCTDOC.txt (text/plain) in CBT.V508.FILE096.PDS, moved to PDS/@NCTDOC
2025-03-28 17:13:44.227166 - Found ATTCHATH.txt (text/plain) in CBT.V508.FILE096.PDS, moved to PDS/ATTCHATH
2025-03-28 17:13:44.228325 - Found CONNECT.txt (text/plain) in CBT.V508.FILE096.PDS, moved to PDS/CONNECT
2025-03-28 17:13:44.229056 - Found DADSMBLK.txt (text/plain) in CBT.V508.FILE096.PDS, moved to PDS/DADSMBLK
2025-03-28 17:13:44.229901 - Found DADSMMOD.txt (text/plain) in CBT.V508.FILE096.PDS, moved to PDS/DADSMMOD
2025-03-28 17:13:44.230662 - Found DSAD.txt (text/plain) in CBT.V508.FILE096.PDS, moved to PDS/DSAD
2025-03-28 17:13:44.231183 - Found EQUREGS.txt (text/plain) in CBT.V508.FILE096.PDS, moved to PDS/EQUREGS
2025-03-28 17:13:44.232468 - Found FINDCHR.txt (text/plain) in CBT.V508.FILE096.PDS, moved to PDS/FINDCHR
2025-03-28 17:13:44.233303 - Found HCCDADSM.txt (text/plain) in CBT.V508.FILE096.PDS, moved to PDS/HCCDADSM
2025-03-28 17:13:44.234400 - Found HCCRCCK.txt (text/plain) in CBT.V508.FILE096.PDS, moved to PDS/HCCRCCK
2025-03-28 17:13:44.235275 - Found HJUX2530.txt (text/plain) in CBT.V508.FILE096.PDS, moved to PDS/HJUX2530
2025-03-28 17:13:44.236117 - Found IEFUJV.txt (text/plain) in CBT.V508.FILE096.PDS, moved to PDS/IEFUJV
2025-03-28 17:13:44.236902 - Found IGGPRE00.txt (text/plain) in CBT.V508.FILE096.PDS, moved to PDS/IGGPRE00
2025-03-28 17:13:44.237752 - Found INIDADSM.txt (text/plain) in CBT.V508.FILE096.PDS, moved to PDS/INIDADSM
2025-03-28 17:13:44.238770 - Found INITNCT.txt (text/plain) in CBT.V508.FILE096.PDS, moved to PDS/INITNCT
2025-03-28 17:13:44.239817 - Found IPLDATE.txt (text/plain) in CBT.V508.FILE096.PDS, moved to PDS/IPLDATE
2025-03-28 17:13:44.240415 - Found KEYWORD.txt (text/plain) in CBT.V508.FILE096.PDS, moved to PDS/KEYWORD
2025-03-28 17:13:44.241292 - Found KWDREPL.txt (text/plain) in CBT.V508.FILE096.PDS, moved to PDS/KWDREPL
2025-03-28 17:13:44.243093 - Found KWDTABLE.txt (text/plain) in CBT.V508.FILE096.PDS, moved to PDS/KWDTABLE
2025-03-28 17:13:44.244993 - Found MDL0101.txt (text/plain) in CBT.V508.FILE096.PDS, moved to PDS/MDL0101
2025-03-28 17:13:44.245530 - Found MDL0103.txt (text/plain) in CBT.V508.FILE096.PDS, moved to PDS/MDL0103
2025-03-28 17:13:44.246045 - Found MJL1401.txt (text/plain) in CBT.V508.FILE096.PDS, moved to PDS/MJL1401
2025-03-28 17:13:44.246700 - Found MJL1501.txt (text/plain) in CBT.V508.FILE096.PDS, moved to PDS/MJL1501
2025-03-28 17:13:44.247363 - Found MSL0101.txt (text/plain) in CBT.V508.FILE096.PDS, moved to PDS/MSL0101
2025-03-28 17:13:44.248320 - Found MSL0103.txt (text/plain) in CBT.V508.FILE096.PDS, moved to PDS/MSL0103
2025-03-28 17:13:44.249391 - Found NCT.txt (text/plain) in CBT.V508.FILE096.PDS, moved to PDS/NCT
2025-03-28 17:13:44.250042 - Found PDUMP.txt (text/plain) in CBT.V508.FILE096.PDS, moved to PDS/PDUMP
2025-03-28 17:13:44.250513 - Found PLIARRV.txt (text/plain) in CBT.V508.FILE096.PDS, moved to PDS/PLIARRV
2025-03-28 17:13:44.251338 - Found PLIRETN.txt (text/plain) in CBT.V508.FILE096.PDS, moved to PDS/PLIRETN
2025-03-28 17:13:44.251680 - Found RELEASE.txt (text/plain) in CBT.V508.FILE096.PDS, moved to PDS/RELEASE
2025-03-28 17:13:44.252260 - Found SETAMODE.txt (text/plain) in CBT.V508.FILE096.PDS, moved to PDS/SETAMODE
2025-03-28 17:13:44.252839 - Found TRIM.txt (text/plain) in CBT.V508.FILE096.PDS, moved to PDS/TRIM
2025-03-28 17:13:44.255088 - Found TSJESSMF.txt (text/plain) in CBT.V508.FILE096.PDS, moved to PDS/TSJESSMF
2025-03-28 17:13:44.255653 - Found TYPE.txt (text/plain) in CBT.V508.FILE096.PDS, moved to PDS/TYPE
